Arguments: 
  C:\Program Files\nodejs\node.exe C:\Users\imran.zafar\AppData\Roaming\npm\node_modules\yarn\bin\yarn.js add node-sass@4.5.3

PATH: 
  C:\Users\imran.zafar\AppData\Roaming\npm;C:\Program Files\nodejs\;C:\oraclexe\app\oracle\product\11.2.0\server\bin;C:\ProgramData\Oracle\Java\javapath;C:\Program Files (x86)\Intel\Intel(R) Management Engine Components\iCLS\;C:\Program Files\Intel\Intel(R) Management Engine Components\iCLS\;C:\windows\system32;C:\windows;C:\windows\System32\Wbem;C:\windows\System32\WindowsPowerShell\v1.0\;C:\windows\System32\OpenSSH\;C:\Program Files (x86)\Intel\Intel(R) Management Engine Components\DAL;C:\Program Files\Intel\Intel(R) Management Engine Components\DAL;C:\Program Files (x86)\Intel\Intel(R) Management Engine Components\IPT;C:\Program Files\Intel\Intel(R) Management Engine Components\IPT;C:\Program Files\nodejs\;C:\Program Files\Git\cmd;C:\Python27;C:\Users\imran.zafar\AppData\Local\Microsoft\WindowsApps;;C:\Users\imran.zafar\AppData\Local\Programs\Microsoft VS Code\bin

Yarn version: 
  1.16.0

Node version: 
  11.7.0

Platform: 
  win32 x64

Trace: 
  Error: self signed certificate in certificate chain
      at TLSSocket.onConnectSecure (_tls_wrap.js:1142:34)
      at TLSSocket.emit (events.js:188:13)
      at TLSSocket._finishInit (_tls_wrap.js:631:8)

npm manifest: 
  {
    "name": "indecision-app",
    "version": "1.0.0",
    "description": "",
    "main": "index.js",
    "scripts": {
      "serve": "lite-server",
      "build": "webpack --watch",
      "dev-server": "webpack-dev-server"
    },
    "author": "",
    "license": "ISC",
    "dependencies": {
      "babel-core": "^6.25.0",
      "babel-loader": "^7.1.1",
      "babel-preset-env": "^1.5.2",
      "babel-preset-react": "^6.24.1",
      "lite-server": "^2.5.3",
      "python2": "0.0.1",
      "react": "^16.0.0",
      "react-dom": "^16.0.0",
      "react-modal": "^2.2.2",
      "sass-loader": "^6.0.6",
      "validator": "^8.0.0",
      "webpack": "^3.1.0",
      "webpack-dev-server": "^2.5.1",
      "yarn": "^1.16.0"
    },
    "devDependencies": {
      "babel-plugin-transform-class-properties": "^6.24.1",
      "css-loader": "^0.28.4",
      "style-loader": "^0.18.2"
    }
  }

yarn manifest: 
  No manifest

Lockfile: 
  No lockfile
